2022-06-15 10:04:26.014  INFO 6320 --- [restartedMain] d.s.p.P04SpringDataAndJpaApplication     : Starting P04SpringDataAndJpaApplication using Java 18.0.1.1 on DESKTOP-M1CJVN4 with PID 6320 (C:\Users\tolga\Desktop\Java\Sf2\spring-bootcamp\p04SpringDataAndJpa\target\classes started by tolga in C:\Users\tolga\Desktop\Java\Sf2\spring-bootcamp)
2022-06-15 10:04:26.028  INFO 6320 --- [restartedMain] d.s.p.P04SpringDataAndJpaApplication     : No active profile set, falling back to 1 default profile: "default"
2022-06-15 10:04:26.085  INFO 6320 --- [restartedMain] .e.DevToolsPropertyDefaultsPostProcessor : Devtools property defaults active! Set 'spring.devtools.add-properties' to 'false' to disable
2022-06-15 10:04:26.085  INFO 6320 --- [restartedMain] .e.DevToolsPropertyDefaultsPostProcessor : For additional web related logging consider setting the 'logging.level.web' property to 'DEBUG'
2022-06-15 10:04:26.726  INFO 6320 --- [restartedMain] .s.d.r.c.RepositoryConfigurationDelegate : Bootstrapping Spring Data JPA repositories in DEFAULT mode.
2022-06-15 10:04:26.740  INFO 6320 --- [restartedMain] .s.d.r.c.RepositoryConfigurationDelegate : Finished Spring Data repository scanning in 7 ms. Found 0 JPA repository interfaces.
2022-06-15 10:04:27.111  INFO 6320 --- [restartedMain] o.s.b.w.embedded.tomcat.TomcatWebServer  : Tomcat initialized with port(s): 8080 (http)
2022-06-15 10:04:27.117  INFO 6320 --- [restartedMain] o.apache.catalina.core.StandardService   : Starting service [Tomcat]
2022-06-15 10:04:27.117  INFO 6320 --- [restartedMain] org.apache.catalina.core.StandardEngine  : Starting Servlet engine: [Apache Tomcat/9.0.63]
2022-06-15 10:04:27.173  INFO 6320 --- [restartedMain] o.a.c.c.C.[Tomcat].[localhost].[/]       : Initializing Spring embedded WebApplicationContext
2022-06-15 10:04:27.174  INFO 6320 --- [restartedMain] w.s.c.ServletWebServerApplicationContext : Root WebApplicationContext: initialization completed in 1088 ms
2022-06-15 10:04:27.328  INFO 6320 --- [restartedMain] o.hibernate.jpa.internal.util.LogHelper  : HHH000204: Processing PersistenceUnitInfo [name: default]
2022-06-15 10:04:27.389  INFO 6320 --- [restartedMain] org.hibernate.Version                    : HHH000412: Hibernate ORM core version 5.6.9.Final
2022-06-15 10:04:27.469  INFO 6320 --- [restartedMain] o.hibernate.annotations.common.Version   : HCANN000001: Hibernate Commons Annotations {5.1.2.Final}
2022-06-15 10:04:27.516  INFO 6320 --- [restartedMain] com.zaxxer.hikari.HikariDataSource       : HikariPool-1 - Starting...
2022-06-15 10:04:27.699  INFO 6320 --- [restartedMain] com.zaxxer.hikari.HikariDataSource       : HikariPool-1 - Start completed.
2022-06-15 10:04:27.706  INFO 6320 --- [restartedMain] org.hibernate.dialect.Dialect            : HHH000400: Using dialect: org.hibernate.dialect.MySQL5InnoDBDialect
2022-06-15 10:04:28.038  INFO 6320 --- [restartedMain] o.h.e.t.j.p.i.JtaPlatformInitiator       : HHH000490: Using JtaPlatform implementation: [org.hibernate.engine.transaction.jta.platform.internal.NoJtaPlatform]
2022-06-15 10:04:28.046  INFO 6320 --- [restartedMain] j.LocalContainerEntityManagerFactoryBean : Initialized JPA EntityManagerFactory for persistence unit 'default'
2022-06-15 10:04:28.126  WARN 6320 --- [restartedMain] JpaBaseConfiguration$JpaWebConfiguration : spring.jpa.open-in-view is enabled by default. Therefore, database queries may be performed during view rendering. Explicitly configure spring.jpa.open-in-view to disable this warning
2022-06-15 10:04:28.467  INFO 6320 --- [restartedMain] o.s.b.d.a.OptionalLiveReloadServer       : LiveReload server is running on port 35729
2022-06-15 10:04:28.470  INFO 6320 --- [restartedMain] o.s.b.a.e.web.EndpointLinksResolver      : Exposing 1 endpoint(s) beneath base path '/actuator'
2022-06-15 10:04:28.504  INFO 6320 --- [restartedMain] o.s.b.w.embedded.tomcat.TomcatWebServer  : Tomcat started on port(s): 8080 (http) with context path ''
2022-06-15 10:04:28.518  INFO 6320 --- [restartedMain] d.s.p.P04SpringDataAndJpaApplication     : Started P04SpringDataAndJpaApplication in 2.751 seconds (JVM running for 3.251)
2022-06-15 10:04:29.098  INFO 6320 --- [RMI TCP Connection(5)-192.168.1.118] o.a.c.c.C.[Tomcat].[localhost].[/]       : Initializing Spring DispatcherServlet 'dispatcherServlet'
2022-06-15 10:04:29.098  INFO 6320 --- [RMI TCP Connection(5)-192.168.1.118] o.s.web.servlet.DispatcherServlet        : Initializing Servlet 'dispatcherServlet'
2022-06-15 10:04:29.099  INFO 6320 --- [RMI TCP Connection(5)-192.168.1.118] o.s.web.servlet.DispatcherServlet        : Completed initialization in 1 ms
2022-06-15 10:04:34.014  INFO 6320 --- [SpringApplicationShutdownHook] j.LocalContainerEntityManagerFactoryBean : Closing JPA EntityManagerFactory for persistence unit 'default'
2022-06-15 10:04:34.018  INFO 6320 --- [SpringApplicationShutdownHook] com.zaxxer.hikari.HikariDataSource       : HikariPool-1 - Shutdown initiated...
2022-06-15 10:04:34.023  INFO 6320 --- [SpringApplicationShutdownHook] com.zaxxer.hikari.HikariDataSource       : HikariPool-1 - Shutdown completed.
